Arguments: 
  C:\Program Files\nodejs\node.exe C:\Program Files\nodejs\node_modules\yarn\bin\yarn.js

PATH: 
  C:\Program Files\Common Files\Oracle\Java\javapath;C:\Oracle\product\12.1.0\client_1\bin;C:\Program Files (x86)\Common Files\Oracle\Java\javapath;C:\WINDOWS\system32;C:\WINDOWS;C:\WINDOWS\System32\Wbem;C:\WINDOWS\System32\WindowsPowerShell\v1.0\;C:\WINDOWS\System32\OpenSSH\;C:\Program Files (x86)\Intel\Intel(R) Management Engine Components\DAL;C:\Program Files\Intel\Intel(R) Management Engine Components\DAL;C:\Program Files (x86)\PuTTY\;C:\Program Files\Git\cmd;C:\Program Files (x86)\Bitvise SSH Client;C:\Users\AVROGAL1\AppData\Roaming\nvm;C:\Program Files\nodejs;C:\HashiCorp\Vagrant\bin;C:\Program Files (x86)\sbt\bin;C:\Program Files\Kubernetes\Minikube;C:\Go\bin;C:\progs;C:\ProgramData\chocolatey\bin;C:\Program Files\Git LFS;C:\Program Files (x86)\scala\bin;C:\Program Files\Docker\Docker\resources\bin;C:\ProgramData\DockerDesktop\version-bin;C:\maven\apache-maven-3.6.3\bin;C:\gradle\gradle-6.7.1\bin;C:\Users\AVROGAL1\scoop\shims;C:\Users\AVROGAL1\AppData\Local\Microsoft\WindowsApps;C:\Users\AVROGAL1\AppData\Local\atom\bin;C:\Mercurial;C:\Users\AVROGAL1\AppData\Roaming\nvm;C:\Program Files\nodejs;C:\Program Files\JetBrains\WebStorm 2020.3\bin;;C:\Users\AVROGAL1\AppData\Local\Programs\Microsoft VS Code\bin;C:\Program Files\Multipass\bin;C:\Program Files\MicroK8s;C:\Users\AVROGAL1\go\bin;C:\Program Files\JetBrains\DataGrip 2020.3\bin;;C:\Users\AVROGAL1\AppData\Local\.meteor;

Yarn version: 
  1.22.10

Node version: 
  15.5.0

Platform: 
  win32 x64

Trace: 
  Error: unable to verify the first certificate
      at TLSSocket.onConnectSecure (node:_tls_wrap:1518:34)
      at TLSSocket.emit (node:events:376:20)
      at TLSSocket._finishInit (node:_tls_wrap:942:8)
      at TLSWrap.ssl.onhandshakedone (node:_tls_wrap:716:12)

npm manifest: 
  {
    "name": "books",
    "version": "0.1.0",
    "contributors": [
      "The Polymer Authors"
    ],
    "license": "BSD-3-Clause",
    "repository": "PolymerLabs/books",
    "scripts": {
      "start": "polymer serve",
      "build": "npm run build:prpl-server && npm run build:static",
      "build:prpl-server": "polymer build --auto-base-path && gulp prpl-server",
      "build:static": "polymer build",
      "serve:prpl-server": "prpl-server --root server/build",
      "serve:static": "polymer serve --port 5000 build/es5-bundled",
      "deploy": "gcloud app deploy server/app.yaml --project books-pwakit",
      "test": "npm run test:unit",
      "test:unit": "polymer test --module-resolution=node --npm"
    },
    "dependencies": {
      "@polymer/app-layout": "^3.0.0",
      "@polymer/polymer": "^3.1.0",
      "@webcomponents/webcomponentsjs": "^2.2.4",
      "lit-element": "^2.0.1",
      "lit-html": "^1.0.0",
      "pwa-helpers": "^0.9.0",
      "redux": "^4.0.0",
      "redux-thunk": "^2.3.0",
      "reselect": "^4.0.0"
    },
    "devDependencies": {
      "@polymer/test-fixture": "^4.0.2",
      "axe-core": "^3.0.0",
      "chai": "^4.1.2",
      "del": "^3.0.0",
      "gulp": "^4.0.0",
      "gulp-rename": "^1.3.0",
      "gulp-replace": "^1.0.0",
      "mocha": "^5.2.0",
      "pixelmatch": "^4.0.2",
      "polymer-cli": "^1.9.3",
      "polyserve": "^0.27.0",
      "prpl-server": "^1.4.0",
      "puppeteer": "^1.5.0",
      "wct-mocha": "^1.0.0"
    }
  }

yarn manifest: 
  No manifest

Lockfile: 
  No lockfile
